0 info it worked if it ends with ok
1 verbose cli [ 'C:\\Program Files\\nodejs\\node.exe',
1 verbose cli   'C:\\Program Files\\nodejs\\node_modules\\npm\\bin\\npm-cli.js',
1 verbose cli   'run',
1 verbose cli   'eslint',
1 verbose cli   'src' ]
2 info using npm@3.8.9
3 info using node@v6.2.0
4 verbose run-script [ 'preeslint', 'eslint', 'posteslint' ]
5 info lifecycle babel-learning@1.0.0~preeslint: babel-learning@1.0.0
6 silly lifecycle babel-learning@1.0.0~preeslint: no script for preeslint, continuing
7 info lifecycle babel-learning@1.0.0~eslint: babel-learning@1.0.0
8 verbose lifecycle babel-learning@1.0.0~eslint: unsafe-perm in lifecycle true
9 verbose lifecycle babel-learning@1.0.0~eslint: PATH: C:\Program Files\nodejs\node_modules\npm\bin\node-gyp-bin;E:\FEJ-GIT\babel-eslint-es6-react-initconfig\node_modules\.bin;C:\Program Files\nodejs;C:\Windows\system32;C:\Windows;C:\Windows\System32\Wbem;C:\Windows\System32\WindowsPowerShell\v1.0\;C:\Program Files (x86)\Windows7Master;C:\Program Files\Java\jdk1.7.0_67\bin;C:\Program Files\Java\jdk1.7.0_67\jre\bin;C:\Program Files\Git;C:\Program Files\Python35;C:\Program Files\apache-maven-3.3.9-bin\bin;C:\Program Files\nodejs\;C:\Program Files\TortoiseGit\bin;C:\Users\Administrator\AppData\Roaming\npm;C:\Users\Administrator\AppData\Roaming\npm
10 verbose lifecycle babel-learning@1.0.0~eslint: CWD: E:\FEJ-GIT\babel-eslint-es6-react-initconfig
11 silly lifecycle babel-learning@1.0.0~eslint: Args: [ '/d /s /c', 'eslint "src"' ]
12 silly lifecycle babel-learning@1.0.0~eslint: Returned: code: 1  signal: null
13 info lifecycle babel-learning@1.0.0~eslint: Failed to exec eslint script
14 verbose stack Error: babel-learning@1.0.0 eslint: `eslint "src"`
14 verbose stack Exit status 1
14 verbose stack     at EventEmitter.<anonymous> (C:\Program Files\nodejs\node_modules\npm\lib\utils\lifecycle.js:245:16)
14 verbose stack     at emitTwo (events.js:106:13)
14 verbose stack     at EventEmitter.emit (events.js:191:7)
14 verbose stack     at ChildProcess.<anonymous> (C:\Program Files\nodejs\node_modules\npm\lib\utils\spawn.js:24:14)
14 verbose stack     at emitTwo (events.js:106:13)
14 verbose stack     at ChildProcess.emit (events.js:191:7)
14 verbose stack     at maybeClose (internal/child_process.js:850:16)
14 verbose stack     at Process.ChildProcess._handle.onexit (internal/child_process.js:215:5)
15 verbose pkgid babel-learning@1.0.0
16 verbose cwd E:\FEJ-GIT\babel-eslint-es6-react-initconfig
17 error Windows_NT 6.1.7601
18 error argv "C:\\Program Files\\nodejs\\node.exe" "C:\\Program Files\\nodejs\\node_modules\\npm\\bin\\npm-cli.js" "run" "eslint" "src"
19 error node v6.2.0
20 error npm  v3.8.9
21 error code ELIFECYCLE
22 error babel-learning@1.0.0 eslint: `eslint "src"`
22 error Exit status 1
23 error Failed at the babel-learning@1.0.0 eslint script 'eslint "src"'.
23 error Make sure you have the latest version of node.js and npm installed.
23 error If you do, this is most likely a problem with the babel-learning package,
23 error not with npm itself.
23 error Tell the author that this fails on your system:
23 error     eslint "src"
23 error You can get information on how to open an issue for this project with:
23 error     npm bugs babel-learning
23 error Or if that isn't available, you can get their info via:
23 error     npm owner ls babel-learning
23 error There is likely additional logging output above.
24 verbose exit [ 1, true ]
